<?xml version='1.0' encoding='UTF-8'?>
<testsuite hostname="cobogpgp1278.global.publicisgroupe.net" name="quickcheck.QuickCheckSuite" tests="6" errors="0" failures="0" time="0.497">
                     <properties>
[...]
</properties>
                     <testcase classname="quickcheck.QuickCheckSuite" name="Binomial heap satisfies properties" time="0.363">
                                                 
                                               </testcase><testcase classname="quickcheck.QuickCheckSuite" name="Bogus (1) binomial heap does not satisfy properties" time="0.077">
                                                 
                                               </testcase><testcase classname="quickcheck.QuickCheckSuite" name="Bogus (2) binomial heap does not satisfy properties" time="0.015">
                                                 
                                               </testcase><testcase classname="quickcheck.QuickCheckSuite" name="Bogus (3) binomial heap does not satisfy properties" time="0.02">
                                                 
                                               </testcase><testcase classname="quickcheck.QuickCheckSuite" name="Bogus (4) binomial heap does not satisfy properties" time="0.012">
                                                 
                                               </testcase><testcase classname="quickcheck.QuickCheckSuite" name="Bogus (5) binomial heap does not satisfy properties" time="0.01">
                                                 
                                               </testcase>
                     <system-out></system-out>
                     <system-err></system-err>
                   </testsuite>